<html>
<head>
<title>TestNG:  EmployeesRestAPITest</title>
<link href="../testng.css" rel="stylesheet" type="text/css" />
<link href="../my-testng.css" rel="stylesheet" type="text/css" />

<style type="text/css">
.log { display: none;} 
.stack-trace { display: none;} 
</style>
<script type="text/javascript">
<!--
function flip(e) {
  current = e.style.display;
  if (current == 'block') {
    e.style.display = 'none';
    return 0;
  }
  else {
    e.style.display = 'block';
    return 1;
  }
}

function toggleBox(szDivId, elem, msg1, msg2)
{
  var res = -1;  if (document.getElementById) {
    res = flip(document.getElementById(szDivId));
  }
  else if (document.all) {
    // this is the way old msie versions work
    res = flip(document.all[szDivId]);
  }
  if(elem) {
    if(res == 0) elem.innerHTML = msg1; else elem.innerHTML = msg2;
  }

}

function toggleAllBoxes() {
  if (document.getElementsByTagName) {
    d = document.getElementsByTagName('div');
    for (i = 0; i < d.length; i++) {
      if (d[i].className == 'log') {
        flip(d[i]);
      }
    }
  }
}

// -->
</script>

</head>
<body>
<h2 align='center'>EmployeesRestAPITest</h2><table border='1' align="center">
<tr>
<td>Tests passed/Failed/Skipped:</td><td>10/1/0</td>
</tr><tr>
<td>Started on:</td><td>Sun Sep 01 11:10:27 EET 2019</td>
</tr>
<tr><td>Total time:</td><td>7 seconds (7089 ms)</td>
</tr><tr>
<td>Included groups:</td><td></td>
</tr><tr>
<td>Excluded groups:</td><td></td>
</tr>
</table><p/>
<small><i>(Hover the method name to see the test class name)</i></small><p/>
<table width='100%' border='1' class='invocation-failed'>
<tr><td colspan='4' align='center'><b>FAILED TESTS</b></td></tr>
<tr><td><b>Test method</b></td>
<td width="30%"><b>Exception</b></td>
<td width="10%"><b>Time (seconds)</b></td>
<td><b>Instance</b></td>
</tr>
<tr>
<td title='tests.TC02_authentication.authenticate()'><b>authenticate</b><br>Test class: tests.TC02_authentication</td>
<td><div><pre>java.lang.AssertionError: expected [200] but found [401]
	at tests.TC02_authentication.authenticate(TC02_authentication.java:49)
... Removed 31 stack frames</pre></div><a href='#' onClick='toggleBox("stack-trace2029754983", this, "Click to show all stack frames", "Click to hide stack frames")'>Click to show all stack frames</a>
<div class='stack-trace' id='stack-trace2029754983'><pre>java.lang.AssertionError: expected [200] but found [401]
	at org.testng.Assert.fail(Assert.java:96)
	at org.testng.Assert.failNotEquals(Assert.java:776)
	at org.testng.Assert.assertEqualsImpl(Assert.java:137)
	at org.testng.Assert.assertEquals(Assert.java:118)
	at org.testng.Assert.assertEquals(Assert.java:652)
	at org.testng.Assert.assertEquals(Assert.java:662)
	at tests.TC02_authentication.authenticate(TC02_authentication.java:49)
	at sun.reflect.NativeMethodAccessorImpl.invoke0(Native Method)
	at sun.reflect.NativeMethodAccessorImpl.invoke(Unknown Source)
	at sun.reflect.DelegatingMethodAccessorImpl.invoke(Unknown Source)
	at java.lang.reflect.Method.invoke(Unknown Source)
	at org.testng.internal.MethodInvocationHelper.invokeMethod(MethodInvocationHelper.java:124)
	at org.testng.internal.Invoker.invokeMethod(Invoker.java:583)
	at org.testng.internal.Invoker.invokeTestMethod(Invoker.java:719)
	at org.testng.internal.Invoker.invokeTestMethods(Invoker.java:989)
	at org.testng.internal.TestMethodWorker.invokeTestMethods(TestMethodWorker.java:125)
	at org.testng.internal.TestMethodWorker.run(TestMethodWorker.java:109)
	at org.testng.TestRunner.privateRun(TestRunner.java:648)
	at org.testng.TestRunner.run(TestRunner.java:505)
	at org.testng.SuiteRunner.runTest(SuiteRunner.java:455)
	at org.testng.SuiteRunner.runSequentially(SuiteRunner.java:450)
	at org.testng.SuiteRunner.privateRun(SuiteRunner.java:415)
	at org.testng.SuiteRunner.run(SuiteRunner.java:364)
	at org.testng.SuiteRunnerWorker.runSuite(SuiteRunnerWorker.java:52)
	at org.testng.SuiteRunnerWorker.run(SuiteRunnerWorker.java:84)
	at org.testng.TestNG.runSuitesSequentially(TestNG.java:1208)
	at org.testng.TestNG.runSuitesLocally(TestNG.java:1137)
	at org.testng.TestNG.runSuites(TestNG.java:1049)
	at org.testng.TestNG.run(TestNG.java:1017)
	at org.testng.remote.AbstractRemoteTestNG.run(AbstractRemoteTestNG.java:115)
	at org.testng.remote.RemoteTestNG.initAndRun(RemoteTestNG.java:251)
	at org.testng.remote.RemoteTestNG.main(RemoteTestNG.java:77)
</pre></div></td>
<td>0</td>
<td>tests.TC02_authentication@685cb137</td></tr>
</table><p>
<table width='100%' border='1' class='invocation-passed'>
<tr><td colspan='4' align='center'><b>PASSED TESTS</b></td></tr>
<tr><td><b>Test method</b></td>
<td width="30%"><b>Exception</b></td>
<td width="10%"><b>Time (seconds)</b></td>
<td><b>Instance</b></td>
</tr>
<tr>
<td title='tests.TC01_addEmployee.addEmployeeRecord()'><b>addEmployeeRecord</b><br>Test class: tests.TC01_addEmployee<br>Parameters: Ahmed1435198, Abokhalifa3070723, Abokhalifa281644, Test123734541, abokhalifa@gmail.com943675</td>
<td></td>
<td>0</td>
<td>tests.TC01_addEmployee@6a41eaa2</td></tr>
<tr>
<td title='tests.TC01_addEmployee.addEmployeeRecord()'><b>addEmployeeRecord</b><br>Test class: tests.TC01_addEmployee<br>Parameters: Ibrahim2606262, Abokhalifa3651917, Abokhalifa75909, Test1244690883, abokhalifa@gmail.com1972964</td>
<td></td>
<td>0</td>
<td>tests.TC01_addEmployee@6a41eaa2</td></tr>
<tr>
<td title='tests.TC01_addEmployee.addEmployeeRecord()'><b>addEmployeeRecord</b><br>Test class: tests.TC01_addEmployee<br>Parameters: Mohamed1844264, Abokhalifa2653783, Abokhalifa3960578, Test125707478, abokhalifa@gmail.com2371893</td>
<td></td>
<td>0</td>
<td>tests.TC01_addEmployee@6a41eaa2</td></tr>
<tr>
<td title='tests.TC01_addEmployee.addEmployeeRecord()'><b>addEmployeeRecord</b><br>Test class: tests.TC01_addEmployee<br>Parameters: Ismail3432440, Abokhalifa2133706, Abokhalifa4539038, Test1264640587, abokhalifa@gmail.com612926</td>
<td></td>
<td>0</td>
<td>tests.TC01_addEmployee@6a41eaa2</td></tr>
<tr>
<td title='tests.TC01_addEmployee.addEmployeeRecord()'><b>addEmployeeRecord</b><br>Test class: tests.TC01_addEmployee<br>Parameters: Hamza3337391, Abokhalifa2119278, Abokhalifa4607889, Test1274548481, abokhalifa@gmail.com1740300</td>
<td></td>
<td>0</td>
<td>tests.TC01_addEmployee@6a41eaa2</td></tr>
<tr>
<td title='tests.TC01_addEmployee.addEmployeeRecord()'><b>addEmployeeRecord</b><br>Test class: tests.TC01_addEmployee<br>Parameters: Omar4371136, Abokhalifa4291940, Abokhalifa973153, Test128492969, abokhalifa@gmail.com2634358</td>
<td></td>
<td>0</td>
<td>tests.TC01_addEmployee@6a41eaa2</td></tr>
<tr>
<td title='tests.TC01_addEmployee.addEmployeeRecord()'><b>addEmployeeRecord</b><br>Test class: tests.TC01_addEmployee<br>Parameters: Gamal4222756, Abokhalifa866137, Abokhalifa4882928, Test1294270468, abokhalifa@gmail.com390695</td>
<td></td>
<td>0</td>
<td>tests.TC01_addEmployee@6a41eaa2</td></tr>
<tr>
<td title='tests.TC01_addEmployee.addEmployeeRecord()'><b>addEmployeeRecord</b><br>Test class: tests.TC01_addEmployee<br>Parameters: Samy275362, Abokhalifa1877033, Abokhalifa156698, Test130239956, abokhalifa@gmail.com206062</td>
<td></td>
<td>0</td>
<td>tests.TC01_addEmployee@6a41eaa2</td></tr>
<tr>
<td title='tests.TC01_addEmployee.addEmployeeRecord()'><b>addEmployeeRecord</b><br>Test class: tests.TC01_addEmployee<br>Parameters: Eshak2857178, Abokhalifa2546180, Abokhalifa4779445, Test1314243559, abokhalifa@gmail.com3020609</td>
<td></td>
<td>0</td>
<td>tests.TC01_addEmployee@6a41eaa2</td></tr>
<tr>
<td title='tests.TC00_GetAllEmployees.checkResponseBody()'><b>checkResponseBody</b><br>Test class: tests.TC00_GetAllEmployees</td>
<td></td>
<td>0</td>
<td>tests.TC00_GetAllEmployees@6a4f787b</td></tr>
</table><p>
</body>
</html>