<?xml version="1.0" encoding="UTF-8"?>
<testng-results skipped="0" failed="1" ignored="0" total="2" passed="1">
  <reporter-output>
  </reporter-output>
  <suite name="Default suite" duration-ms="3870" started-at="2019-09-01T14:58:37Z" finished-at="2019-09-01T14:58:41Z">
    <groups>
    </groups>
    <test name="Default test" duration-ms="3870" started-at="2019-09-01T14:58:37Z" finished-at="2019-09-01T14:58:41Z">
      <class name="tests.TC03_soapTest">
        <test-method status="PASS" signature="setup()[pri:0, instance:tests.TC03_soapTest@31ef45e3]" name="setup" is-config="true" duration-ms="55" started-at="2019-09-01T14:58:37Z" finished-at="2019-09-01T14:58:37Z">
          <reporter-output>
          </reporter-output>
        </test-method> <!-- setup -->
        <test-method status="PASS" signature="prepareForTest()[pri:0, instance:tests.TC03_soapTest@31ef45e3]" name="prepareForTest" is-config="true" duration-ms="2528" started-at="2019-09-01T14:58:37Z" finished-at="2019-09-01T14:58:40Z">
          <reporter-output>
          </reporter-output>
        </test-method> <!-- prepareForTest -->
        <test-method status="PASS" signature="checkResponseBody()[pri:0, instance:tests.TC03_soapTest@31ef45e3]" name="checkResponseBody" duration-ms="77" started-at="2019-09-01T14:58:40Z" finished-at="2019-09-01T14:58:40Z">
          <reporter-output>
          </reporter-output>
        </test-method> <!-- checkResponseBody -->
        <test-method status="FAIL" signature="traverseXML()[pri:0, instance:tests.TC03_soapTest@31ef45e3]" name="traverseXML" duration-ms="1190" started-at="2019-09-01T14:58:40Z" finished-at="2019-09-01T14:58:41Z">
          <exception class="java.lang.AssertionError">
            <message>
              <![CDATA[1 expectation failed.
XML path Envelope.Header.Security.BinarySecurityToken doesn't match.
Expected: iterable containing ["Shared/IDL:IceSess\/SessMgr:1\.0.IDL/Common/!ICESMS\/ACPCRTD!ICESMSLB\/CRT.LB!-"]
  Actual: Shared/IDL:IceSess\/SessMgr:1\.0.IDL/Common/!ICESMS\/ACPCRTC!ICESMSLB\/CRT.LB!-2978860672995849588!743010!0
]]>
            </message>
            <full-stacktrace>
              <![CDATA[java.lang.AssertionError: 1 expectation failed.
XML path Envelope.Header.Security.BinarySecurityToken doesn't match.
Expected: iterable containing ["Shared/IDL:IceSess\/SessMgr:1\.0.IDL/Common/!ICESMS\/ACPCRTD!ICESMSLB\/CRT.LB!-"]
  Actual: Shared/IDL:IceSess\/SessMgr:1\.0.IDL/Common/!ICESMS\/ACPCRTC!ICESMSLB\/CRT.LB!-2978860672995849588!743010!0

at sun.reflect.NativeConstructorAccessorImpl.newInstance0(Native Method)
at sun.reflect.NativeConstructorAccessorImpl.newInstance(Unknown Source)
at sun.reflect.DelegatingConstructorAccessorImpl.newInstance(Unknown Source)
at java.lang.reflect.Constructor.newInstance(Unknown Source)
at org.codehaus.groovy.reflection.CachedConstructor.invoke(CachedConstructor.java:80)
at org.codehaus.groovy.reflection.CachedConstructor.doConstructorInvoke(CachedConstructor.java:74)
at org.codehaus.groovy.runtime.callsite.ConstructorSite$ConstructorSiteNoUnwrap.callConstructor(ConstructorSite.java:84)
at org.codehaus.groovy.runtime.callsite.CallSiteArray.defaultCallConstructor(CallSiteArray.java:60)
at org.codehaus.groovy.runtime.callsite.AbstractCallSite.callConstructor(AbstractCallSite.java:235)
at org.codehaus.groovy.runtime.callsite.AbstractCallSite.callConstructor(AbstractCallSite.java:247)
at io.restassured.internal.ResponseSpecificationImpl$HamcrestAssertionClosure.validate(ResponseSpecificationImpl.groovy:483)
at io.restassured.internal.ResponseSpecificationImpl$HamcrestAssertionClosure$validate$1.call(Unknown Source)
at io.restassured.internal.ResponseSpecificationImpl.validateResponseIfRequired(ResponseSpecificationImpl.groovy:655)
at sun.reflect.NativeMethodAccessorImpl.invoke0(Native Method)
at sun.reflect.NativeMethodAccessorImpl.invoke(Unknown Source)
at sun.reflect.DelegatingMethodAccessorImpl.invoke(Unknown Source)
at java.lang.reflect.Method.invoke(Unknown Source)
at org.codehaus.groovy.runtime.callsite.PogoMetaMethodSite$PogoCachedMethodSiteNoUnwrapNoCoerce.invoke(PogoMetaMethodSite.java:210)
at org.codehaus.groovy.runtime.callsite.PogoMetaMethodSite.callCurrent(PogoMetaMethodSite.java:59)
at org.codehaus.groovy.runtime.callsite.CallSiteArray.defaultCallCurrent(CallSiteArray.java:52)
at org.codehaus.groovy.runtime.callsite.AbstractCallSite.callCurrent(AbstractCallSite.java:154)
at org.codehaus.groovy.runtime.callsite.AbstractCallSite.callCurrent(AbstractCallSite.java:166)
at io.restassured.internal.ResponseSpecificationImpl.content(ResponseSpecificationImpl.groovy:275)
at io.restassured.specification.ResponseSpecification$content$1.callCurrent(Unknown Source)
at org.codehaus.groovy.runtime.callsite.CallSiteArray.defaultCallCurrent(CallSiteArray.java:52)
at org.codehaus.groovy.runtime.callsite.AbstractCallSite.callCurrent(AbstractCallSite.java:154)
at org.codehaus.groovy.runtime.callsite.AbstractCallSite.callCurrent(AbstractCallSite.java:190)
at io.restassured.internal.ResponseSpecificationImpl.body(ResponseSpecificationImpl.groovy:258)
at io.restassured.internal.ValidatableResponseOptionsImpl.body(ValidatableResponseOptionsImpl.java:274)
at tests.TC03_soapTest.traverseXML(TC03_soapTest.java:77)
at sun.reflect.NativeMethodAccessorImpl.invoke0(Native Method)
at sun.reflect.NativeMethodAccessorImpl.invoke(Unknown Source)
at sun.reflect.DelegatingMethodAccessorImpl.invoke(Unknown Source)
at java.lang.reflect.Method.invoke(Unknown Source)
at org.testng.internal.MethodInvocationHelper.invokeMethod(MethodInvocationHelper.java:124)
at org.testng.internal.Invoker.invokeMethod(Invoker.java:583)
at org.testng.internal.Invoker.invokeTestMethod(Invoker.java:719)
at org.testng.internal.Invoker.invokeTestMethods(Invoker.java:989)
at org.testng.internal.TestMethodWorker.invokeTestMethods(TestMethodWorker.java:125)
at org.testng.internal.TestMethodWorker.run(TestMethodWorker.java:109)
at org.testng.TestRunner.privateRun(TestRunner.java:648)
at org.testng.TestRunner.run(TestRunner.java:505)
at org.testng.SuiteRunner.runTest(SuiteRunner.java:455)
at org.testng.SuiteRunner.runSequentially(SuiteRunner.java:450)
at org.testng.SuiteRunner.privateRun(SuiteRunner.java:415)
at org.testng.SuiteRunner.run(SuiteRunner.java:364)
at org.testng.SuiteRunnerWorker.runSuite(SuiteRunnerWorker.java:52)
at org.testng.SuiteRunnerWorker.run(SuiteRunnerWorker.java:84)
at org.testng.TestNG.runSuitesSequentially(TestNG.java:1208)
at org.testng.TestNG.runSuitesLocally(TestNG.java:1137)
at org.testng.TestNG.runSuites(TestNG.java:1049)
at org.testng.TestNG.run(TestNG.java:1017)
at org.testng.remote.AbstractRemoteTestNG.run(AbstractRemoteTestNG.java:115)
at org.testng.remote.RemoteTestNG.initAndRun(RemoteTestNG.java:251)
at org.testng.remote.RemoteTestNG.main(RemoteTestNG.java:77)
]]>
            </full-stacktrace>
          </exception> <!-- java.lang.AssertionError -->
          <reporter-output>
          </reporter-output>
        </test-method> <!-- traverseXML -->
      </class> <!-- tests.TC03_soapTest -->
    </test> <!-- Default test -->
  </suite> <!-- Default suite -->
</testng-results>
